2019-05-08 13:02:39.3677|INFO|ProjectManager.Utils.LoggingUtility|Operation Result Format: JSON
Request ID: 8000000b-0000-f500-b63f-84710c7967bb
Method: GET
URL: http://localhost:50830/api/user
Controller : ProjectManager.Controllers.UserController
Action : GetUser
Action Parameters : System.Web.Http.Tracing.ITraceWriterExtensions+<>c__DisplayClass14_0

2019-05-08 13:02:39.3947|INFO|ProjectManager.Utils.LoggingUtility|Operation Result Format: JSON
Request ID: 8000000b-0000-f500-b63f-84710c7967bb
Method: GET
URL: http://localhost:50830/api/user
Controller : ProjectManager.Controllers.UserController
Action : GetUser
Action Parameters : System.Web.Http.Tracing.ITraceWriterExtensions+<>c__DisplayClass14_0

2019-05-08 13:03:02.3774|INFO|ProjectManager.Utils.LoggingUtility|Operation Result Format: JSON
Request ID: 8000000c-0000-f500-b63f-84710c7967bb
Method: GET
URL: http://localhost:50830/api/user
Controller : ProjectManager.Controllers.UserController
Action : GetUser
Action Parameters : System.Web.Http.Tracing.ITraceWriterExtensions+<>c__DisplayClass14_0

2019-05-08 13:03:02.3774|INFO|ProjectManager.Utils.LoggingUtility|Operation Result Format: JSON
Request ID: 8000000c-0000-f500-b63f-84710c7967bb
Method: GET
URL: http://localhost:50830/api/user
Controller : ProjectManager.Controllers.UserController
Action : GetUser
Action Parameters : System.Web.Http.Tracing.ITraceWriterExtensions+<>c__DisplayClass14_0

2019-05-08 13:03:02.3774|INFO|ProjectManager.Utils.LoggingUtility|Operation Result Format: JSON
Request ID: 80000006-0002-f800-b63f-84710c7967bb
Method: GET
URL: http://localhost:50830/api/project
Controller : ProjectManager.Controllers.ProjectController
Action : RetrieveProjects
Action Parameters : System.Web.Http.Tracing.ITraceWriterExtensions+<>c__DisplayClass14_0

2019-05-08 13:03:02.3844|INFO|ProjectManager.Utils.LoggingUtility|Operation Result Format: JSON
Request ID: 80000006-0002-f800-b63f-84710c7967bb
Method: GET
URL: http://localhost:50830/api/project
Controller : ProjectManager.Controllers.ProjectController
Action : RetrieveProjects
Action Parameters : System.Web.Http.Tracing.ITraceWriterExtensions+<>c__DisplayClass14_0

2019-05-08 13:03:12.9235|INFO|ProjectManager.Utils.LoggingUtility|Operation Result Format: JSON
Request ID: 80000007-0002-f800-b63f-84710c7967bb
Method: GET
URL: http://localhost:50830/api/project
Controller : ProjectManager.Controllers.ProjectController
Action : RetrieveProjects
Action Parameters : System.Web.Http.Tracing.ITraceWriterExtensions+<>c__DisplayClass14_0

2019-05-08 13:03:12.9235|INFO|ProjectManager.Utils.LoggingUtility|Operation Result Format: JSON
Request ID: 80000007-0002-f800-b63f-84710c7967bb
Method: GET
URL: http://localhost:50830/api/project
Controller : ProjectManager.Controllers.ProjectController
Action : RetrieveProjects
Action Parameters : System.Web.Http.Tracing.ITraceWriterExtensions+<>c__DisplayClass14_0

2019-05-08 13:06:59.0054|INFO|ProjectManager.Utils.LoggingUtility|Operation Result Format: JSON
Request ID: 8000000e-0000-f500-b63f-84710c7967bb
Method: GET
URL: http://localhost:50830/api/project
Controller : ProjectManager.Controllers.ProjectController
Action : RetrieveProjects
Action Parameters : System.Web.Http.Tracing.ITraceWriterExtensions+<>c__DisplayClass14_0

2019-05-08 13:06:59.0054|INFO|ProjectManager.Utils.LoggingUtility|Operation Result Format: JSON
Request ID: 8000000e-0000-f500-b63f-84710c7967bb
Method: GET
URL: http://localhost:50830/api/project
Controller : ProjectManager.Controllers.ProjectController
Action : RetrieveProjects
Action Parameters : System.Web.Http.Tracing.ITraceWriterExtensions+<>c__DisplayClass14_0

2019-05-08 13:07:01.3471|INFO|ProjectManager.Utils.LoggingUtility|Operation Result Format: JSON
Request ID: 8000000f-0000-f500-b63f-84710c7967bb
Method: GET
URL: http://localhost:50830/api/task/parent
Controller : ProjectManager.Controllers.TaskController
Action : RetrieveParentTasks
Action Parameters : System.Web.Http.Tracing.ITraceWriterExtensions+<>c__DisplayClass14_0

2019-05-08 13:07:01.3491|INFO|ProjectManager.Utils.LoggingUtility|Operation Result Format: JSON
Request ID: 8000000f-0000-f500-b63f-84710c7967bb
Method: GET
URL: http://localhost:50830/api/task/parent
Controller : ProjectManager.Controllers.TaskController
Action : RetrieveParentTasks
Action Parameters : System.Web.Http.Tracing.ITraceWriterExtensions+<>c__DisplayClass14_0

2019-05-08 13:10:52.8691|INFO|ProjectManager.Utils.LoggingUtility|Operation Result Format: JSON
Request ID: 80000011-0000-f500-b63f-84710c7967bb
Method: GET
URL: http://localhost:50830/api/project
Controller : ProjectManager.Controllers.ProjectController
Action : RetrieveProjects
Action Parameters : System.Web.Http.Tracing.ITraceWriterExtensions+<>c__DisplayClass14_0

2019-05-08 13:10:52.8691|INFO|ProjectManager.Utils.LoggingUtility|Operation Result Format: JSON
Request ID: 80000011-0000-f500-b63f-84710c7967bb
Method: GET
URL: http://localhost:50830/api/project
Controller : ProjectManager.Controllers.ProjectController
Action : RetrieveProjects
Action Parameters : System.Web.Http.Tracing.ITraceWriterExtensions+<>c__DisplayClass14_0

2019-05-08 13:14:17.8375|INFO|ProjectManager.Utils.LoggingUtility|Operation Result Format: JSON
Request ID: 8000000b-0001-f800-b63f-84710c7967bb
Method: GET
URL: http://localhost:50830/api/project
Controller : ProjectManager.Controllers.ProjectController
Action : RetrieveProjects
Action Parameters : System.Web.Http.Tracing.ITraceWriterExtensions+<>c__DisplayClass14_0

2019-05-08 13:14:17.8375|INFO|ProjectManager.Utils.LoggingUtility|Operation Result Format: JSON
Request ID: 8000000b-0001-f800-b63f-84710c7967bb
Method: GET
URL: http://localhost:50830/api/project
Controller : ProjectManager.Controllers.ProjectController
Action : RetrieveProjects
Action Parameters : System.Web.Http.Tracing.ITraceWriterExtensions+<>c__DisplayClass14_0

2019-05-08 13:15:29.7315|INFO|ProjectManager.Utils.LoggingUtility|Operation Result Format: JSON
Request ID: 8000000c-0001-f800-b63f-84710c7967bb
Method: GET
URL: http://localhost:50830/api/project
Controller : ProjectManager.Controllers.ProjectController
Action : RetrieveProjects
Action Parameters : System.Web.Http.Tracing.ITraceWriterExtensions+<>c__DisplayClass14_0

2019-05-08 13:15:29.7315|INFO|ProjectManager.Utils.LoggingUtility|Operation Result Format: JSON
Request ID: 8000000c-0001-f800-b63f-84710c7967bb
Method: GET
URL: http://localhost:50830/api/project
Controller : ProjectManager.Controllers.ProjectController
Action : RetrieveProjects
Action Parameters : System.Web.Http.Tracing.ITraceWriterExtensions+<>c__DisplayClass14_0

2019-05-08 13:15:54.5290|INFO|ProjectManager.Utils.LoggingUtility|Operation Result Format: JSON
Request ID: 8000000d-0001-f800-b63f-84710c7967bb
Method: GET
URL: http://localhost:50830/api/project
Controller : ProjectManager.Controllers.ProjectController
Action : RetrieveProjects
Action Parameters : System.Web.Http.Tracing.ITraceWriterExtensions+<>c__DisplayClass14_0

2019-05-08 13:15:54.5370|INFO|ProjectManager.Utils.LoggingUtility|Operation Result Format: JSON
Request ID: 8000000d-0001-f800-b63f-84710c7967bb
Method: GET
URL: http://localhost:50830/api/project
Controller : ProjectManager.Controllers.ProjectController
Action : RetrieveProjects
Action Parameters : System.Web.Http.Tracing.ITraceWriterExtensions+<>c__DisplayClass14_0

2019-05-08 13:19:01.9548|INFO|ProjectManager.Utils.LoggingUtility|Operation Result Format: JSON
Request ID: 8000000f-0001-f800-b63f-84710c7967bb
Method: GET
URL: http://localhost:50830/api/project
Controller : ProjectManager.Controllers.ProjectController
Action : RetrieveProjects
Action Parameters : System.Web.Http.Tracing.ITraceWriterExtensions+<>c__DisplayClass14_0

2019-05-08 13:19:01.9548|INFO|ProjectManager.Utils.LoggingUtility|Operation Result Format: JSON
Request ID: 8000000f-0001-f800-b63f-84710c7967bb
Method: GET
URL: http://localhost:50830/api/project
Controller : ProjectManager.Controllers.ProjectController
Action : RetrieveProjects
Action Parameters : System.Web.Http.Tracing.ITraceWriterExtensions+<>c__DisplayClass14_0

2019-05-08 13:20:22.8101|INFO|ProjectManager.Utils.LoggingUtility|Operation Result Format: JSON
Request ID: 80000010-0001-f800-b63f-84710c7967bb
Method: GET
URL: http://localhost:50830/api/user
Controller : ProjectManager.Controllers.UserController
Action : GetUser
Action Parameters : System.Web.Http.Tracing.ITraceWriterExtensions+<>c__DisplayClass14_0

2019-05-08 13:20:22.8101|INFO|ProjectManager.Utils.LoggingUtility|Operation Result Format: JSON
Request ID: 80000010-0001-f800-b63f-84710c7967bb
Method: GET
URL: http://localhost:50830/api/user
Controller : ProjectManager.Controllers.UserController
Action : GetUser
Action Parameters : System.Web.Http.Tracing.ITraceWriterExtensions+<>c__DisplayClass14_0

2019-05-08 13:20:22.8101|INFO|ProjectManager.Utils.LoggingUtility|Operation Result Format: JSON
Request ID: 80000009-0002-f800-b63f-84710c7967bb
Method: GET
URL: http://localhost:50830/api/project
Controller : ProjectManager.Controllers.ProjectController
Action : RetrieveProjects
Action Parameters : System.Web.Http.Tracing.ITraceWriterExtensions+<>c__DisplayClass14_0

2019-05-08 13:20:22.8381|INFO|ProjectManager.Utils.LoggingUtility|Operation Result Format: JSON
Request ID: 80000009-0002-f800-b63f-84710c7967bb
Method: GET
URL: http://localhost:50830/api/project
Controller : ProjectManager.Controllers.ProjectController
Action : RetrieveProjects
Action Parameters : System.Web.Http.Tracing.ITraceWriterExtensions+<>c__DisplayClass14_0

2019-05-08 13:20:56.9660|INFO|ProjectManager.Utils.LoggingUtility|Operation Result Format: JSON
Request ID: 8000000a-0002-f800-b63f-84710c7967bb
Method: GET
URL: http://localhost:50830/api/user
Controller : ProjectManager.Controllers.UserController
Action : GetUser
Action Parameters : System.Web.Http.Tracing.ITraceWriterExtensions+<>c__DisplayClass14_0

2019-05-08 13:20:56.9660|INFO|ProjectManager.Utils.LoggingUtility|Operation Result Format: JSON
Request ID: 8000000a-0002-f800-b63f-84710c7967bb
Method: GET
URL: http://localhost:50830/api/user
Controller : ProjectManager.Controllers.UserController
Action : GetUser
Action Parameters : System.Web.Http.Tracing.ITraceWriterExtensions+<>c__DisplayClass14_0

2019-05-08 13:20:56.9790|INFO|ProjectManager.Utils.LoggingUtility|Operation Result Format: JSON
Request ID: 80000011-0001-f800-b63f-84710c7967bb
Method: GET
URL: http://localhost:50830/api/project
Controller : ProjectManager.Controllers.ProjectController
Action : RetrieveProjects
Action Parameters : System.Web.Http.Tracing.ITraceWriterExtensions+<>c__DisplayClass14_0

2019-05-08 13:20:57.0250|INFO|ProjectManager.Utils.LoggingUtility|Operation Result Format: JSON
Request ID: 80000011-0001-f800-b63f-84710c7967bb
Method: GET
URL: http://localhost:50830/api/project
Controller : ProjectManager.Controllers.ProjectController
Action : RetrieveProjects
Action Parameters : System.Web.Http.Tracing.ITraceWriterExtensions+<>c__DisplayClass14_0

2019-05-08 13:21:02.1893|INFO|ProjectManager.Utils.LoggingUtility|Operation Result Format: JSON
Request ID: 80000012-0001-f800-b63f-84710c7967bb
Method: GET
URL: http://localhost:50830/api/user
Controller : ProjectManager.Controllers.UserController
Action : GetUser
Action Parameters : System.Web.Http.Tracing.ITraceWriterExtensions+<>c__DisplayClass14_0

2019-05-08 13:21:02.1972|INFO|ProjectManager.Utils.LoggingUtility|Operation Result Format: JSON
Request ID: 80000012-0001-f800-b63f-84710c7967bb
Method: GET
URL: http://localhost:50830/api/user
Controller : ProjectManager.Controllers.UserController
Action : GetUser
Action Parameters : System.Web.Http.Tracing.ITraceWriterExtensions+<>c__DisplayClass14_0

2019-05-08 13:21:02.1972|INFO|ProjectManager.Utils.LoggingUtility|Operation Result Format: JSON
Request ID: 8000000b-0002-f800-b63f-84710c7967bb
Method: GET
URL: http://localhost:50830/api/project
Controller : ProjectManager.Controllers.ProjectController
Action : RetrieveProjects
Action Parameters : System.Web.Http.Tracing.ITraceWriterExtensions+<>c__DisplayClass14_0

2019-05-08 13:21:02.1972|INFO|ProjectManager.Utils.LoggingUtility|Operation Result Format: JSON
Request ID: 8000000b-0002-f800-b63f-84710c7967bb
Method: GET
URL: http://localhost:50830/api/project
Controller : ProjectManager.Controllers.ProjectController
Action : RetrieveProjects
Action Parameters : System.Web.Http.Tracing.ITraceWriterExtensions+<>c__DisplayClass14_0

2019-05-08 13:21:26.3452|INFO|ProjectManager.Utils.LoggingUtility|Operation Result Format: JSON
Request ID: 8000000c-0002-f800-b63f-84710c7967bb
Method: GET
URL: http://localhost:50830/api/user
Controller : ProjectManager.Controllers.UserController
Action : GetUser
Action Parameters : System.Web.Http.Tracing.ITraceWriterExtensions+<>c__DisplayClass14_0

2019-05-08 13:21:26.3512|INFO|ProjectManager.Utils.LoggingUtility|Operation Result Format: JSON
Request ID: 80000013-0001-f800-b63f-84710c7967bb
Method: GET
URL: http://localhost:50830/api/project
Controller : ProjectManager.Controllers.ProjectController
Action : RetrieveProjects
Action Parameters : System.Web.Http.Tracing.ITraceWriterExtensions+<>c__DisplayClass14_0

2019-05-08 13:21:26.3702|INFO|ProjectManager.Utils.LoggingUtility|Operation Result Format: JSON
Request ID: 80000013-0001-f800-b63f-84710c7967bb
Method: GET
URL: http://localhost:50830/api/project
Controller : ProjectManager.Controllers.ProjectController
Action : RetrieveProjects
Action Parameters : System.Web.Http.Tracing.ITraceWriterExtensions+<>c__DisplayClass14_0

2019-05-08 13:21:26.3512|INFO|ProjectManager.Utils.LoggingUtility|Operation Result Format: JSON
Request ID: 8000000c-0002-f800-b63f-84710c7967bb
Method: GET
URL: http://localhost:50830/api/user
Controller : ProjectManager.Controllers.UserController
Action : GetUser
Action Parameters : System.Web.Http.Tracing.ITraceWriterExtensions+<>c__DisplayClass14_0

2019-05-08 13:22:51.0198|INFO|ProjectManager.Utils.LoggingUtility|Operation Result Format: JSON
Request ID: 80000014-0001-f800-b63f-84710c7967bb
Method: GET
URL: http://localhost:50830/api/user
Controller : ProjectManager.Controllers.UserController
Action : GetUser
Action Parameters : System.Web.Http.Tracing.ITraceWriterExtensions+<>c__DisplayClass14_0

2019-05-08 13:22:51.0518|INFO|ProjectManager.Utils.LoggingUtility|Operation Result Format: JSON
Request ID: 80000014-0001-f800-b63f-84710c7967bb
Method: GET
URL: http://localhost:50830/api/user
Controller : ProjectManager.Controllers.UserController
Action : GetUser
Action Parameters : System.Web.Http.Tracing.ITraceWriterExtensions+<>c__DisplayClass14_0

2019-05-08 13:22:51.0668|INFO|ProjectManager.Utils.LoggingUtility|Operation Result Format: JSON
Request ID: 8000000d-0002-f800-b63f-84710c7967bb
Method: GET
URL: http://localhost:50830/api/project
Controller : ProjectManager.Controllers.ProjectController
Action : RetrieveProjects
Action Parameters : System.Web.Http.Tracing.ITraceWriterExtensions+<>c__DisplayClass14_0

2019-05-08 13:22:51.0698|INFO|ProjectManager.Utils.LoggingUtility|Operation Result Format: JSON
Request ID: 8000000d-0002-f800-b63f-84710c7967bb
Method: GET
URL: http://localhost:50830/api/project
Controller : ProjectManager.Controllers.ProjectController
Action : RetrieveProjects
Action Parameters : System.Web.Http.Tracing.ITraceWriterExtensions+<>c__DisplayClass14_0

2019-05-08 13:33:10.0559|INFO|ProjectManager.Utils.LoggingUtility|Operation Result Format: JSON
Request ID: 80000013-0000-f500-b63f-84710c7967bb
Method: GET
URL: http://localhost:50830/api/user
Controller : ProjectManager.Controllers.UserController
Action : GetUser
Action Parameters : System.Web.Http.Tracing.ITraceWriterExtensions+<>c__DisplayClass14_0

2019-05-08 13:33:10.0709|INFO|ProjectManager.Utils.LoggingUtility|Operation Result Format: JSON
Request ID: 80000013-0000-f500-b63f-84710c7967bb
Method: GET
URL: http://localhost:50830/api/user
Controller : ProjectManager.Controllers.UserController
Action : GetUser
Action Parameters : System.Web.Http.Tracing.ITraceWriterExtensions+<>c__DisplayClass14_0

2019-05-08 13:33:10.1039|INFO|ProjectManager.Utils.LoggingUtility|Operation Result Format: JSON
Request ID: 80000004-0000-f400-b63f-84710c7967bb
Method: GET
URL: http://localhost:50830/api/project
Controller : ProjectManager.Controllers.ProjectController
Action : RetrieveProjects
Action Parameters : System.Web.Http.Tracing.ITraceWriterExtensions+<>c__DisplayClass14_0

2019-05-08 13:33:10.1039|INFO|ProjectManager.Utils.LoggingUtility|Operation Result Format: JSON
Request ID: 80000004-0000-f400-b63f-84710c7967bb
Method: GET
URL: http://localhost:50830/api/project
Controller : ProjectManager.Controllers.ProjectController
Action : RetrieveProjects
Action Parameters : System.Web.Http.Tracing.ITraceWriterExtensions+<>c__DisplayClass14_0

2019-05-08 13:33:55.4967|INFO|ProjectManager.Utils.LoggingUtility|Operation Result Format: JSON
Request ID: 80000005-0000-f400-b63f-84710c7967bb
Method: GET
URL: http://localhost:50830/api/user
Controller : ProjectManager.Controllers.UserController
Action : GetUser
Action Parameters : System.Web.Http.Tracing.ITraceWriterExtensions+<>c__DisplayClass14_0

2019-05-08 13:33:55.4967|INFO|ProjectManager.Utils.LoggingUtility|Operation Result Format: JSON
Request ID: 80000005-0000-f400-b63f-84710c7967bb
Method: GET
URL: http://localhost:50830/api/user
Controller : ProjectManager.Controllers.UserController
Action : GetUser
Action Parameters : System.Web.Http.Tracing.ITraceWriterExtensions+<>c__DisplayClass14_0

2019-05-08 13:33:55.4967|INFO|ProjectManager.Utils.LoggingUtility|Operation Result Format: JSON
Request ID: 80000014-0000-f500-b63f-84710c7967bb
Method: GET
URL: http://localhost:50830/api/project
Controller : ProjectManager.Controllers.ProjectController
Action : RetrieveProjects
Action Parameters : System.Web.Http.Tracing.ITraceWriterExtensions+<>c__DisplayClass14_0

2019-05-08 13:33:55.5298|INFO|ProjectManager.Utils.LoggingUtility|Operation Result Format: JSON
Request ID: 80000014-0000-f500-b63f-84710c7967bb
Method: GET
URL: http://localhost:50830/api/project
Controller : ProjectManager.Controllers.ProjectController
Action : RetrieveProjects
Action Parameters : System.Web.Http.Tracing.ITraceWriterExtensions+<>c__DisplayClass14_0

2019-05-08 13:35:01.4310|INFO|ProjectManager.Utils.LoggingUtility|Operation Result Format: JSON
Request ID: 80000015-0000-f500-b63f-84710c7967bb
Method: GET
URL: http://localhost:50830/api/user
Controller : ProjectManager.Controllers.UserController
Action : GetUser
Action Parameters : System.Web.Http.Tracing.ITraceWriterExtensions+<>c__DisplayClass14_0

2019-05-08 13:35:01.4310|INFO|ProjectManager.Utils.LoggingUtility|Operation Result Format: JSON
Request ID: 80000015-0000-f500-b63f-84710c7967bb
Method: GET
URL: http://localhost:50830/api/user
Controller : ProjectManager.Controllers.UserController
Action : GetUser
Action Parameters : System.Web.Http.Tracing.ITraceWriterExtensions+<>c__DisplayClass14_0

2019-05-08 13:35:01.4310|INFO|ProjectManager.Utils.LoggingUtility|Operation Result Format: JSON
Request ID: 80000006-0000-f400-b63f-84710c7967bb
Method: GET
URL: http://localhost:50830/api/project
Controller : ProjectManager.Controllers.ProjectController
Action : RetrieveProjects
Action Parameters : System.Web.Http.Tracing.ITraceWriterExtensions+<>c__DisplayClass14_0

2019-05-08 13:35:01.4730|INFO|ProjectManager.Utils.LoggingUtility|Operation Result Format: JSON
Request ID: 80000006-0000-f400-b63f-84710c7967bb
Method: GET
URL: http://localhost:50830/api/project
Controller : ProjectManager.Controllers.ProjectController
Action : RetrieveProjects
Action Parameters : System.Web.Http.Tracing.ITraceWriterExtensions+<>c__DisplayClass14_0

2019-05-08 13:37:32.3646|INFO|ProjectManager.Utils.LoggingUtility|Operation Result Format: JSON
Request ID: 80000010-0002-f800-b63f-84710c7967bb
Method: POST
URL: http://localhost:50830/api/project/add
Controller : ProjectManager.Controllers.ProjectController
Action : InsertProjectDetails
Action Parameters : System.Web.Http.Tracing.ITraceWriterExtensions+<>c__DisplayClass14_0

2019-05-08 13:37:32.3646|INFO|ProjectManager.Utils.LoggingUtility|Operation Result Format: JSON
Request ID: 80000010-0002-f800-b63f-84710c7967bb
Method: POST
URL: http://localhost:50830/api/project/add
Controller : ProjectManager.Controllers.ProjectController
Action : InsertProjectDetails
Action Parameters : System.Web.Http.Tracing.ITraceWriterExtensions+<>c__DisplayClass14_0

2019-05-08 13:37:32.8981|INFO|ProjectManager.Utils.LoggingUtility|Operation Result Format: JSON
Request ID: 80000011-0002-f800-b63f-84710c7967bb
Method: GET
URL: http://localhost:50830/api/user
Controller : ProjectManager.Controllers.UserController
Action : GetUser
Action Parameters : System.Web.Http.Tracing.ITraceWriterExtensions+<>c__DisplayClass14_0

2019-05-08 13:37:32.8981|INFO|ProjectManager.Utils.LoggingUtility|Operation Result Format: JSON
Request ID: 80000011-0002-f800-b63f-84710c7967bb
Method: GET
URL: http://localhost:50830/api/user
Controller : ProjectManager.Controllers.UserController
Action : GetUser
Action Parameters : System.Web.Http.Tracing.ITraceWriterExtensions+<>c__DisplayClass14_0

2019-05-08 13:37:32.8981|INFO|ProjectManager.Utils.LoggingUtility|Operation Result Format: JSON
Request ID: 80000008-0000-f400-b63f-84710c7967bb
Method: GET
URL: http://localhost:50830/api/project
Controller : ProjectManager.Controllers.ProjectController
Action : RetrieveProjects
Action Parameters : System.Web.Http.Tracing.ITraceWriterExtensions+<>c__DisplayClass14_0

2019-05-08 13:37:32.9401|INFO|ProjectManager.Utils.LoggingUtility|Operation Result Format: JSON
Request ID: 80000008-0000-f400-b63f-84710c7967bb
Method: GET
URL: http://localhost:50830/api/project
Controller : ProjectManager.Controllers.ProjectController
Action : RetrieveProjects
Action Parameters : System.Web.Http.Tracing.ITraceWriterExtensions+<>c__DisplayClass14_0

2019-05-08 13:37:49.5630|INFO|ProjectManager.Utils.LoggingUtility|Operation Result Format: JSON
Request ID: 80000009-0000-f400-b63f-84710c7967bb
Method: GET
URL: http://localhost:50830/api/project
Controller : ProjectManager.Controllers.ProjectController
Action : RetrieveProjects
Action Parameters : System.Web.Http.Tracing.ITraceWriterExtensions+<>c__DisplayClass14_0

2019-05-08 13:37:49.5630|INFO|ProjectManager.Utils.LoggingUtility|Operation Result Format: JSON
Request ID: 80000009-0000-f400-b63f-84710c7967bb
Method: GET
URL: http://localhost:50830/api/project
Controller : ProjectManager.Controllers.ProjectController
Action : RetrieveProjects
Action Parameters : System.Web.Http.Tracing.ITraceWriterExtensions+<>c__DisplayClass14_0

2019-05-08 13:38:05.9610|INFO|ProjectManager.Utils.LoggingUtility|Operation Result Format: JSON
Request ID: 8000000a-0000-f400-b63f-84710c7967bb
Method: GET
URL: http://localhost:50830/api/task/parent
Controller : ProjectManager.Controllers.TaskController
Action : RetrieveParentTasks
Action Parameters : System.Web.Http.Tracing.ITraceWriterExtensions+<>c__DisplayClass14_0

2019-05-08 13:38:05.9610|INFO|ProjectManager.Utils.LoggingUtility|Operation Result Format: JSON
Request ID: 8000000a-0000-f400-b63f-84710c7967bb
Method: GET
URL: http://localhost:50830/api/task/parent
Controller : ProjectManager.Controllers.TaskController
Action : RetrieveParentTasks
Action Parameters : System.Web.Http.Tracing.ITraceWriterExtensions+<>c__DisplayClass14_0

2019-05-08 13:40:35.1504|INFO|ProjectManager.Utils.LoggingUtility|Operation Result Format: JSON
Request ID: 80000013-0002-f800-b63f-84710c7967bb
Method: GET
URL: http://localhost:50830/api/user
Controller : ProjectManager.Controllers.UserController
Action : GetUser
Action Parameters : System.Web.Http.Tracing.ITraceWriterExtensions+<>c__DisplayClass14_0

2019-05-08 13:40:35.1504|INFO|ProjectManager.Utils.LoggingUtility|Operation Result Format: JSON
Request ID: 80000013-0002-f800-b63f-84710c7967bb
Method: GET
URL: http://localhost:50830/api/user
Controller : ProjectManager.Controllers.UserController
Action : GetUser
Action Parameters : System.Web.Http.Tracing.ITraceWriterExtensions+<>c__DisplayClass14_0

2019-05-08 13:40:41.4710|INFO|ProjectManager.Utils.LoggingUtility|Operation Result Format: JSON
Request ID: 80000014-0002-f800-b63f-84710c7967bb
Method: GET
URL: http://localhost:50830/api/project
Controller : ProjectManager.Controllers.ProjectController
Action : RetrieveProjects
Action Parameters : System.Web.Http.Tracing.ITraceWriterExtensions+<>c__DisplayClass14_0

2019-05-08 13:40:41.4710|INFO|ProjectManager.Utils.LoggingUtility|Operation Result Format: JSON
Request ID: 80000014-0002-f800-b63f-84710c7967bb
Method: GET
URL: http://localhost:50830/api/project
Controller : ProjectManager.Controllers.ProjectController
Action : RetrieveProjects
Action Parameters : System.Web.Http.Tracing.ITraceWriterExtensions+<>c__DisplayClass14_0

2019-05-08 13:41:05.2676|INFO|ProjectManager.Utils.LoggingUtility|Operation Result Format: JSON
Request ID: 80000015-0002-f800-b63f-84710c7967bb
Method: GET
URL: http://localhost:50830/api/project
Controller : ProjectManager.Controllers.ProjectController
Action : RetrieveProjects
Action Parameters : System.Web.Http.Tracing.ITraceWriterExtensions+<>c__DisplayClass14_0

2019-05-08 13:41:05.2676|INFO|ProjectManager.Utils.LoggingUtility|Operation Result Format: JSON
Request ID: 80000015-0002-f800-b63f-84710c7967bb
Method: GET
URL: http://localhost:50830/api/project
Controller : ProjectManager.Controllers.ProjectController
Action : RetrieveProjects
Action Parameters : System.Web.Http.Tracing.ITraceWriterExtensions+<>c__DisplayClass14_0

2019-05-08 13:41:10.2677|INFO|ProjectManager.Utils.LoggingUtility|Operation Result Format: JSON
Request ID: 80000016-0002-f800-b63f-84710c7967bb
Method: GET
URL: http://localhost:50830/api/task?projectId=5
Controller : ProjectManager.Controllers.TaskController
Action : RetrieveTaskByProjectId
Action Parameters : System.Web.Http.Tracing.ITraceWriterExtensions+<>c__DisplayClass14_0

2019-05-08 13:41:10.2677|INFO|ProjectManager.Utils.LoggingUtility|Operation Result Format: JSON
Request ID: 80000016-0002-f800-b63f-84710c7967bb
Method: GET
URL: http://localhost:50830/api/task?projectId=5
Controller : ProjectManager.Controllers.TaskController
Action : RetrieveTaskByProjectId
Action Parameters : System.Web.Http.Tracing.ITraceWriterExtensions+<>c__DisplayClass14_0

2019-05-08 13:41:29.3692|INFO|ProjectManager.Utils.LoggingUtility|Operation Result Format: JSON
Request ID: 80000017-0002-f800-b63f-84710c7967bb
Method: GET
URL: http://localhost:50830/api/task/parent
Controller : ProjectManager.Controllers.TaskController
Action : RetrieveParentTasks
Action Parameters : System.Web.Http.Tracing.ITraceWriterExtensions+<>c__DisplayClass14_0

2019-05-08 13:41:29.3692|INFO|ProjectManager.Utils.LoggingUtility|Operation Result Format: JSON
Request ID: 80000017-0002-f800-b63f-84710c7967bb
Method: GET
URL: http://localhost:50830/api/task/parent
Controller : ProjectManager.Controllers.TaskController
Action : RetrieveParentTasks
Action Parameters : System.Web.Http.Tracing.ITraceWriterExtensions+<>c__DisplayClass14_0

2019-05-08 13:42:22.7636|INFO|ProjectManager.Utils.LoggingUtility|Operation Result Format: JSON
Request ID: 80000018-0002-f800-b63f-84710c7967bb
Method: GET
URL: http://localhost:50830/api/project
Controller : ProjectManager.Controllers.ProjectController
Action : RetrieveProjects
Action Parameters : System.Web.Http.Tracing.ITraceWriterExtensions+<>c__DisplayClass14_0

2019-05-08 13:42:22.7636|INFO|ProjectManager.Utils.LoggingUtility|Operation Result Format: JSON
Request ID: 80000018-0002-f800-b63f-84710c7967bb
Method: GET
URL: http://localhost:50830/api/project
Controller : ProjectManager.Controllers.ProjectController
Action : RetrieveProjects
Action Parameters : System.Web.Http.Tracing.ITraceWriterExtensions+<>c__DisplayClass14_0

2019-05-08 13:42:26.9745|INFO|ProjectManager.Utils.LoggingUtility|Operation Result Format: JSON
Request ID: 80000019-0002-f800-b63f-84710c7967bb
Method: GET
URL: http://localhost:50830/api/task/parent
Controller : ProjectManager.Controllers.TaskController
Action : RetrieveParentTasks
Action Parameters : System.Web.Http.Tracing.ITraceWriterExtensions+<>c__DisplayClass14_0

2019-05-08 13:42:26.9745|INFO|ProjectManager.Utils.LoggingUtility|Operation Result Format: JSON
Request ID: 80000019-0002-f800-b63f-84710c7967bb
Method: GET
URL: http://localhost:50830/api/task/parent
Controller : ProjectManager.Controllers.TaskController
Action : RetrieveParentTasks
Action Parameters : System.Web.Http.Tracing.ITraceWriterExtensions+<>c__DisplayClass14_0

2019-05-08 13:42:50.6108|INFO|ProjectManager.Utils.LoggingUtility|Operation Result Format: JSON
Request ID: 8000001a-0002-f800-b63f-84710c7967bb
Method: GET
URL: http://localhost:50830/api/task/parent
Controller : ProjectManager.Controllers.TaskController
Action : RetrieveParentTasks
Action Parameters : System.Web.Http.Tracing.ITraceWriterExtensions+<>c__DisplayClass14_0

2019-05-08 13:42:50.6218|INFO|ProjectManager.Utils.LoggingUtility|Operation Result Format: JSON
Request ID: 8000001a-0002-f800-b63f-84710c7967bb
Method: GET
URL: http://localhost:50830/api/task/parent
Controller : ProjectManager.Controllers.TaskController
Action : RetrieveParentTasks
Action Parameters : System.Web.Http.Tracing.ITraceWriterExtensions+<>c__DisplayClass14_0

2019-05-08 13:42:57.4083|INFO|ProjectManager.Utils.LoggingUtility|Operation Result Format: JSON
Request ID: 8000001b-0002-f800-b63f-84710c7967bb
Method: GET
URL: http://localhost:50830/api/user
Controller : ProjectManager.Controllers.UserController
Action : GetUser
Action Parameters : System.Web.Http.Tracing.ITraceWriterExtensions+<>c__DisplayClass14_0

2019-05-08 13:42:57.4123|INFO|ProjectManager.Utils.LoggingUtility|Operation Result Format: JSON
Request ID: 8000001b-0002-f800-b63f-84710c7967bb
Method: GET
URL: http://localhost:50830/api/user
Controller : ProjectManager.Controllers.UserController
Action : GetUser
Action Parameters : System.Web.Http.Tracing.ITraceWriterExtensions+<>c__DisplayClass14_0

2019-05-08 13:44:42.4375|INFO|ProjectManager.Utils.LoggingUtility|Operation Result Format: JSON
Request ID: 8000001c-0002-f800-b63f-84710c7967bb
Method: GET
URL: http://localhost:50830/api/task/parent
Controller : ProjectManager.Controllers.TaskController
Action : RetrieveParentTasks
Action Parameters : System.Web.Http.Tracing.ITraceWriterExtensions+<>c__DisplayClass14_0

2019-05-08 13:44:42.4375|INFO|ProjectManager.Utils.LoggingUtility|Operation Result Format: JSON
Request ID: 8000001c-0002-f800-b63f-84710c7967bb
Method: GET
URL: http://localhost:50830/api/task/parent
Controller : ProjectManager.Controllers.TaskController
Action : RetrieveParentTasks
Action Parameters : System.Web.Http.Tracing.ITraceWriterExtensions+<>c__DisplayClass14_0

2019-05-08 13:45:46.5107|INFO|ProjectManager.Utils.LoggingUtility|Operation Result Format: JSON
Request ID: 8000001d-0002-f800-b63f-84710c7967bb
Method: GET
URL: http://localhost:50830/api/task/parent
Controller : ProjectManager.Controllers.TaskController
Action : RetrieveParentTasks
Action Parameters : System.Web.Http.Tracing.ITraceWriterExtensions+<>c__DisplayClass14_0

2019-05-08 13:45:46.5107|INFO|ProjectManager.Utils.LoggingUtility|Operation Result Format: JSON
Request ID: 8000001d-0002-f800-b63f-84710c7967bb
Method: GET
URL: http://localhost:50830/api/task/parent
Controller : ProjectManager.Controllers.TaskController
Action : RetrieveParentTasks
Action Parameters : System.Web.Http.Tracing.ITraceWriterExtensions+<>c__DisplayClass14_0

2019-05-08 14:04:18.3680|INFO|ProjectManager.Utils.LoggingUtility|Operation Result Format: JSON
Request ID: 8000004f-0002-fb00-b63f-84710c7967bb
Method: GET
URL: http://localhost:50830/api/user
Controller : ProjectManager.Controllers.UserController
Action : GetUser
Action Parameters : System.Web.Http.Tracing.ITraceWriterExtensions+<>c__DisplayClass14_0

2019-05-08 14:04:18.3920|INFO|ProjectManager.Utils.LoggingUtility|Operation Result Format: JSON
Request ID: 8000004f-0002-fb00-b63f-84710c7967bb
Method: GET
URL: http://localhost:50830/api/user
Controller : ProjectManager.Controllers.UserController
Action : GetUser
Action Parameters : System.Web.Http.Tracing.ITraceWriterExtensions+<>c__DisplayClass14_0

2019-05-08 14:04:24.8980|INFO|ProjectManager.Utils.LoggingUtility|Operation Result Format: JSON
Request ID: 80000050-0002-fb00-b63f-84710c7967bb
Method: GET
URL: http://localhost:50830/api/user
Controller : ProjectManager.Controllers.UserController
Action : GetUser
Action Parameters : System.Web.Http.Tracing.ITraceWriterExtensions+<>c__DisplayClass14_0

2019-05-08 14:04:24.8980|INFO|ProjectManager.Utils.LoggingUtility|Operation Result Format: JSON
Request ID: 80000050-0002-fb00-b63f-84710c7967bb
Method: GET
URL: http://localhost:50830/api/user
Controller : ProjectManager.Controllers.UserController
Action : GetUser
Action Parameters : System.Web.Http.Tracing.ITraceWriterExtensions+<>c__DisplayClass14_0

2019-05-08 14:04:24.8980|INFO|ProjectManager.Utils.LoggingUtility|Operation Result Format: JSON
Request ID: 800000e4-0001-fc00-b63f-84710c7967bb
Method: GET
URL: http://localhost:50830/api/project
Controller : ProjectManager.Controllers.ProjectController
Action : RetrieveProjects
Action Parameters : System.Web.Http.Tracing.ITraceWriterExtensions+<>c__DisplayClass14_0

2019-05-08 14:04:24.9240|INFO|ProjectManager.Utils.LoggingUtility|Operation Result Format: JSON
Request ID: 800000e4-0001-fc00-b63f-84710c7967bb
Method: GET
URL: http://localhost:50830/api/project
Controller : ProjectManager.Controllers.ProjectController
Action : RetrieveProjects
Action Parameters : System.Web.Http.Tracing.ITraceWriterExtensions+<>c__DisplayClass14_0

2019-05-08 14:04:44.0014|INFO|ProjectManager.Utils.LoggingUtility|Operation Result Format: JSON
Request ID: 800000e6-0001-fc00-b63f-84710c7967bb
Method: POST
URL: http://localhost:50830/api/project/add
Controller : ProjectManager.Controllers.ProjectController
Action : InsertProjectDetails
Action Parameters : System.Web.Http.Tracing.ITraceWriterExtensions+<>c__DisplayClass14_0

2019-05-08 14:04:44.0014|INFO|ProjectManager.Utils.LoggingUtility|Operation Result Format: JSON
Request ID: 800000e6-0001-fc00-b63f-84710c7967bb
Method: POST
URL: http://localhost:50830/api/project/add
Controller : ProjectManager.Controllers.ProjectController
Action : InsertProjectDetails
Action Parameters : System.Web.Http.Tracing.ITraceWriterExtensions+<>c__DisplayClass14_0

2019-05-08 14:04:44.4387|INFO|ProjectManager.Utils.LoggingUtility|Operation Result Format: JSON
Request ID: 800000e7-0001-fc00-b63f-84710c7967bb
Method: GET
URL: http://localhost:50830/api/user
Controller : ProjectManager.Controllers.UserController
Action : GetUser
Action Parameters : System.Web.Http.Tracing.ITraceWriterExtensions+<>c__DisplayClass14_0

2019-05-08 14:04:44.4447|INFO|ProjectManager.Utils.LoggingUtility|Operation Result Format: JSON
Request ID: 800000e7-0001-fc00-b63f-84710c7967bb
Method: GET
URL: http://localhost:50830/api/user
Controller : ProjectManager.Controllers.UserController
Action : GetUser
Action Parameters : System.Web.Http.Tracing.ITraceWriterExtensions+<>c__DisplayClass14_0

2019-05-08 14:04:44.5057|INFO|ProjectManager.Utils.LoggingUtility|Operation Result Format: JSON
Request ID: 80000051-0002-fb00-b63f-84710c7967bb
Method: GET
URL: http://localhost:50830/api/project
Controller : ProjectManager.Controllers.ProjectController
Action : RetrieveProjects
Action Parameters : System.Web.Http.Tracing.ITraceWriterExtensions+<>c__DisplayClass14_0

2019-05-08 14:04:44.5057|INFO|ProjectManager.Utils.LoggingUtility|Operation Result Format: JSON
Request ID: 80000051-0002-fb00-b63f-84710c7967bb
Method: GET
URL: http://localhost:50830/api/project
Controller : ProjectManager.Controllers.ProjectController
Action : RetrieveProjects
Action Parameters : System.Web.Http.Tracing.ITraceWriterExtensions+<>c__DisplayClass14_0

2019-05-08 14:04:59.6696|INFO|ProjectManager.Utils.LoggingUtility|Operation Result Format: JSON
Request ID: 80000052-0002-fb00-b63f-84710c7967bb
Method: GET
URL: http://localhost:50830/api/project
Controller : ProjectManager.Controllers.ProjectController
Action : RetrieveProjects
Action Parameters : System.Web.Http.Tracing.ITraceWriterExtensions+<>c__DisplayClass14_0

2019-05-08 14:04:59.6696|INFO|ProjectManager.Utils.LoggingUtility|Operation Result Format: JSON
Request ID: 80000052-0002-fb00-b63f-84710c7967bb
Method: GET
URL: http://localhost:50830/api/project
Controller : ProjectManager.Controllers.ProjectController
Action : RetrieveProjects
Action Parameters : System.Web.Http.Tracing.ITraceWriterExtensions+<>c__DisplayClass14_0

2019-05-08 14:05:19.0823|INFO|ProjectManager.Utils.LoggingUtility|Operation Result Format: JSON
Request ID: 80000053-0002-fb00-b63f-84710c7967bb
Method: GET
URL: http://localhost:50830/api/task/parent
Controller : ProjectManager.Controllers.TaskController
Action : RetrieveParentTasks
Action Parameters : System.Web.Http.Tracing.ITraceWriterExtensions+<>c__DisplayClass14_0

2019-05-08 14:05:19.0863|INFO|ProjectManager.Utils.LoggingUtility|Operation Result Format: JSON
Request ID: 80000053-0002-fb00-b63f-84710c7967bb
Method: GET
URL: http://localhost:50830/api/task/parent
Controller : ProjectManager.Controllers.TaskController
Action : RetrieveParentTasks
Action Parameters : System.Web.Http.Tracing.ITraceWriterExtensions+<>c__DisplayClass14_0

2019-05-08 14:05:25.1834|INFO|ProjectManager.Utils.LoggingUtility|Operation Result Format: JSON
Request ID: 80000054-0002-fb00-b63f-84710c7967bb
Method: GET
URL: http://localhost:50830/api/user
Controller : ProjectManager.Controllers.UserController
Action : GetUser
Action Parameters : System.Web.Http.Tracing.ITraceWriterExtensions+<>c__DisplayClass14_0

2019-05-08 14:05:25.1834|INFO|ProjectManager.Utils.LoggingUtility|Operation Result Format: JSON
Request ID: 80000054-0002-fb00-b63f-84710c7967bb
Method: GET
URL: http://localhost:50830/api/user
Controller : ProjectManager.Controllers.UserController
Action : GetUser
Action Parameters : System.Web.Http.Tracing.ITraceWriterExtensions+<>c__DisplayClass14_0

2019-05-08 14:05:30.4248|INFO|ProjectManager.Utils.LoggingUtility|Operation Result Format: JSON
Request ID: 80000056-0002-fb00-b63f-84710c7967bb
Method: POST
URL: http://localhost:50830/api/task/add
Controller : ProjectManager.Controllers.TaskController
Action : InsertTaskDetails
Action Parameters : System.Web.Http.Tracing.ITraceWriterExtensions+<>c__DisplayClass14_0

2019-05-08 14:05:30.4248|INFO|ProjectManager.Utils.LoggingUtility|Operation Result Format: JSON
Request ID: 80000056-0002-fb00-b63f-84710c7967bb
Method: POST
URL: http://localhost:50830/api/task/add
Controller : ProjectManager.Controllers.TaskController
Action : InsertTaskDetails
Action Parameters : System.Web.Http.Tracing.ITraceWriterExtensions+<>c__DisplayClass14_0

2019-05-08 14:05:34.7091|INFO|ProjectManager.Utils.LoggingUtility|Operation Result Format: JSON
Request ID: 80000057-0002-fb00-b63f-84710c7967bb
Method: GET
URL: http://localhost:50830/api/user
Controller : ProjectManager.Controllers.UserController
Action : GetUser
Action Parameters : System.Web.Http.Tracing.ITraceWriterExtensions+<>c__DisplayClass14_0

2019-05-08 14:05:34.7091|INFO|ProjectManager.Utils.LoggingUtility|Operation Result Format: JSON
Request ID: 80000057-0002-fb00-b63f-84710c7967bb
Method: GET
URL: http://localhost:50830/api/user
Controller : ProjectManager.Controllers.UserController
Action : GetUser
Action Parameters : System.Web.Http.Tracing.ITraceWriterExtensions+<>c__DisplayClass14_0

2019-05-08 14:05:57.9236|INFO|ProjectManager.Utils.LoggingUtility|Operation Result Format: JSON
Request ID: 80000059-0002-fb00-b63f-84710c7967bb
Method: POST
URL: http://localhost:50830/api/user/add
Controller : ProjectManager.Controllers.UserController
Action : InsertUserDetails
Action Parameters : System.Web.Http.Tracing.ITraceWriterExtensions+<>c__DisplayClass14_0

2019-05-08 14:05:57.9236|INFO|ProjectManager.Utils.LoggingUtility|Operation Result Format: JSON
Request ID: 80000059-0002-fb00-b63f-84710c7967bb
Method: POST
URL: http://localhost:50830/api/user/add
Controller : ProjectManager.Controllers.UserController
Action : InsertUserDetails
Action Parameters : System.Web.Http.Tracing.ITraceWriterExtensions+<>c__DisplayClass14_0

2019-05-08 14:05:57.9756|INFO|ProjectManager.Utils.LoggingUtility|Operation Result Format: JSON
Request ID: 8000005a-0002-fb00-b63f-84710c7967bb
Method: GET
URL: http://localhost:50830/api/user
Controller : ProjectManager.Controllers.UserController
Action : GetUser
Action Parameters : System.Web.Http.Tracing.ITraceWriterExtensions+<>c__DisplayClass14_0

2019-05-08 14:05:57.9756|INFO|ProjectManager.Utils.LoggingUtility|Operation Result Format: JSON
Request ID: 8000005a-0002-fb00-b63f-84710c7967bb
Method: GET
URL: http://localhost:50830/api/user
Controller : ProjectManager.Controllers.UserController
Action : GetUser
Action Parameters : System.Web.Http.Tracing.ITraceWriterExtensions+<>c__DisplayClass14_0

2019-05-08 14:06:09.4088|INFO|ProjectManager.Utils.LoggingUtility|Operation Result Format: JSON
Request ID: 8000005b-0002-fb00-b63f-84710c7967bb
Method: GET
URL: http://localhost:50830/api/project
Controller : ProjectManager.Controllers.ProjectController
Action : RetrieveProjects
Action Parameters : System.Web.Http.Tracing.ITraceWriterExtensions+<>c__DisplayClass14_0

2019-05-08 14:06:09.4088|INFO|ProjectManager.Utils.LoggingUtility|Operation Result Format: JSON
Request ID: 8000005b-0002-fb00-b63f-84710c7967bb
Method: GET
URL: http://localhost:50830/api/project
Controller : ProjectManager.Controllers.ProjectController
Action : RetrieveProjects
Action Parameters : System.Web.Http.Tracing.ITraceWriterExtensions+<>c__DisplayClass14_0

2019-05-08 14:06:13.9991|INFO|ProjectManager.Utils.LoggingUtility|Operation Result Format: JSON
Request ID: 8000005c-0002-fb00-b63f-84710c7967bb
Method: GET
URL: http://localhost:50830/api/task?projectId=8
Controller : ProjectManager.Controllers.TaskController
Action : RetrieveTaskByProjectId
Action Parameters : System.Web.Http.Tracing.ITraceWriterExtensions+<>c__DisplayClass14_0

2019-05-08 14:06:13.9991|INFO|ProjectManager.Utils.LoggingUtility|Operation Result Format: JSON
Request ID: 8000005c-0002-fb00-b63f-84710c7967bb
Method: GET
URL: http://localhost:50830/api/task?projectId=8
Controller : ProjectManager.Controllers.TaskController
Action : RetrieveTaskByProjectId
Action Parameters : System.Web.Http.Tracing.ITraceWriterExtensions+<>c__DisplayClass14_0

